<?xml version="1.0" encoding="UTF-8" ?>
<testsuites errors="0"
            failures="1"
            tests="1">

  <testsuite name="test.pageObjectTests"
    errors="0" failures="1" hostname="" id="" package="pageObjectTests" skipped="0"
    tests="1" time="12.93" timestamp="">
  
    <testcase name="Check stay updated media" classname="test.pageObjectTests" time="6.465" assertions="1">  <failure message="Cannot read properties of undefined (reading &#39;click&#39;)">TypeError: Cannot read properties of undefined (reading &#39;click&#39;)
    at MainPage.checkPopularTrainings (C:\Krzysiek\Szkolenia\JavaScript Dla Testerów oprogramowania\JavaScript-for-testers\nightwatch\pages\mainPage\mainPage.js:35:44)
    at Check stay updated media (C:\Krzysiek\Szkolenia\JavaScript Dla Testerów oprogramowania\JavaScript-for-testers\test\pageObjectTests.js:23:37)</failure>
<system-out>[[ATTACHMENT|C:\Krzysiek\Szkolenia\JavaScript Dla Testerów oprogramowania\JavaScript-for-testers\screenshots\test\pageObjectTests\Check-stay-updated-media_FAILED_Aug-11-2023-155315-GMT+0200.png]]</system-out>
    
    </testcase>
  

  

    

  
  </testsuite>
</testsuites>
